<?xml version="1.0" encoding="UTF-8"?>
<testng-results ignored="0" total="1" passed="1" failed="0" skipped="0">
  <reporter-output>
  </reporter-output>
  <suite started-at="2025-02-23T20:56:00 IST" name="Default suite" finished-at="2025-02-23T20:56:05 IST" duration-ms="5732">
    <groups>
    </groups>
    <test started-at="2025-02-23T20:56:00 IST" name="Default test" finished-at="2025-02-23T20:56:05 IST" duration-ms="5732">
      <class name="alAssistance.TestCaseGenerator">
        <test-method signature="generateLoginTestCases()[pri:0, instance:alAssistance.TestCaseGenerator@f6efaab]" started-at="2025-02-23T20:56:00 IST" name="generateLoginTestCases" finished-at="2025-02-23T20:56:05 IST" duration-ms="5647" status="PASS">
          <reporter-output>
          </reporter-output>
        </test-method> <!-- generateLoginTestCases -->
      </class> <!-- alAssistance.TestCaseGenerator -->
    </test> <!-- Default test -->
  </suite> <!-- Default suite -->
</testng-results>
